1..15
not ok 1 Ping/Basic
# read udp 172.17.0.3:48729: i/o timeout
not ok 2 Ping/WrongTo
# read udp 172.17.0.3:49133: i/o timeout
not ok 3 Ping/WrongFrom
# read udp 172.17.0.3:54785: i/o timeout
not ok 4 Ping/ExtraData
# read udp 172.17.0.3:48062: i/o timeout
not ok 5 Ping/ExtraDataWrongFrom
# read udp 172.17.0.3:49874: i/o timeout
ok 6 Ping/PastExpiration
ok 7 Ping/WrongPacketType
not ok 8 Ping/BondThenPingWithWrongFrom
# read udp 172.17.0.3:54219: i/o timeout
not ok 9 ENRRequest
# This test sends an ENRRequest packet and expects a response containing a valid ENR.
# read udp 172.17.0.3:58155: i/o timeout
ok 10 Findnode/WithoutEndpointProof
not ok 11 Findnode/BasicFindnode
# read udp 172.17.0.3:40077: i/o timeout
not ok 12 Findnode/UnsolicitedNeighbors
# read udp 172.17.0.3:41614: i/o timeout
not ok 13 Findnode/PastExpiration
# read udp 172.17.0.3:39265: i/o timeout
not ok 14 Amplification/InvalidPongHash
# read udp 172.17.0.3:42787: i/o timeout
not ok 15 Amplification/WrongIP
# read udp 172.17.0.3:56264: i/o timeout
exit status 1
ENR: enode://5fc4e2b0bc40b18695cd00e879f2c6ba754c3a3898f8b61ebdb04ff8caad102c235ce7ddf4dcb4bbddf7084daadc375ddb5b1b8a54270cd0819ac02e13c86888@172.17.0.4:30303
1..7
ok 1 Ping
# This test is just a sanity check. It sends PING and expects a PONG response.
# (e623ab3a272b6520) >> PING/v5
# (e623ab3a272b6520) << WHOAREYOU/v5
# (e623ab3a272b6520) >> PING/v5
# (e623ab3a272b6520) << PONG/v5
ok 2 PingLargeRequestID
# This test sends PING with a 9-byte request ID, which isn't allowed by the spec.
# The remote node should not respond.
# (a15cf4f519e841e8) >> PING/v5
# (a15cf4f519e841e8) << WHOAREYOU/v5
# (a15cf4f519e841e8) >> PING/v5
ok 3 PingMultiIP
# This test establishes a session from one IP as usual. The session is then reused
# on another IP, which shouldn't work. The remote node should respond with WHOAREYOU for
# the attempt from a different IP.
# (556b3d9d49b1e7a6) >> PING/v5
# (556b3d9d49b1e7a6) << WHOAREYOU/v5
# (556b3d9d49b1e7a6) >> PING/v5
# (556b3d9d49b1e7a6) << PONG/v5
# sending ping from alternate IP 172.18.0.2:58142
# (556b3d9d49b1e7a6) >> PING/v5
# (556b3d9d49b1e7a6) << WHOAREYOU/v5
# got WHOAREYOU for new session as expected
# (556b3d9d49b1e7a6) >> PING/v5
# (556b3d9d49b1e7a6) << PONG/v5
# (556b3d9d49b1e7a6) >> PING/v5
# (556b3d9d49b1e7a6) << WHOAREYOU/v5
# got WHOAREYOU for new session as expected
not ok 4 HandshakeResend
# (8afd15dc9f14f0f6) >> PING/v5
# (8afd15dc9f14f0f6) << WHOAREYOU/v5
# got WHOAREYOU for PING
# (8afd15dc9f14f0f6) >> PING/v5
# (8afd15dc9f14f0f6) << WHOAREYOU/v5
# wrong nonce b349717a7dbaf51c48e7108c in WHOAREYOU (want fc9c4e527c86696620601a26)
not ok 5 TalkRequest
# This test sends some examples of TALKREQ with a protocol-id of "test-protocol"
# and expects an empty TALKRESP response.
# (b8b1dbdeeb22dde2) >> TALKREQ/v5
# (b8b1dbdeeb22dde2) << WHOAREYOU/v5
# (b8b1dbdeeb22dde2) >> TALKREQ/v5
# (b8b1dbdeeb22dde2) << TALKRESP/v5
# sending TALKREQ with empty request-id
# (b8b1dbdeeb22dde2) >> TALKREQ/v5
# expected TALKRESP, got error: read udp 172.17.0.3:56968: i/o timeout
ok 6 FindnodeZeroDistance
# This test checks that the remote node returns itself for FINDNODE with distance zero.
# (a9d71629afd8b28d) >> FINDNODE/v5
# (a9d71629afd8b28d) << WHOAREYOU/v5
# (a9d71629afd8b28d) >> FINDNODE/v5
# (a9d71629afd8b28d) << NODES/v5
not ok 7 FindnodeResults
# This test pings the node under test from multiple other endpoints and node identities
# (the 'bystanders'). After waiting for them to be accepted into the remote table, the test checks
# that they are returned by FINDNODE.
# (bf0f6887e53b2e26) >> PING/v5
# (0a34e17e0d346416) >> PING/v5
# (ac8067b35e0cb7ad) >> PING/v5
# (50ec0a878410ed1c) >> PING/v5
# (bf0f6887e53b2e26) << WHOAREYOU/v5
# (2ee588663dfead19) >> PING/v5
# (bf0f6887e53b2e26) >> PING/v5
# (0a34e17e0d346416) << WHOAREYOU/v5
# (0a34e17e0d346416) >> PING/v5
# (ac8067b35e0cb7ad) << WHOAREYOU/v5
# (ac8067b35e0cb7ad) >> PING/v5
# (50ec0a878410ed1c) << WHOAREYOU/v5
# (50ec0a878410ed1c) >> PING/v5
# (2ee588663dfead19) << WHOAREYOU/v5
# (2ee588663dfead19) >> PING/v5
# (bf0f6887e53b2e26) << PONG/v5
# (0a34e17e0d346416) << PONG/v5
# (ac8067b35e0cb7ad) << PONG/v5
# (50ec0a878410ed1c) << PONG/v5
# (2ee588663dfead19) << PONG/v5
# (bf0f6887e53b2e26) << UNKNOWN/v5
# (ac8067b35e0cb7ad) << UNKNOWN/v5
# (0a34e17e0d346416) << UNKNOWN/v5
# (50ec0a878410ed1c) << UNKNOWN/v5
# (2ee588663dfead19) << UNKNOWN/v5
# (bf0f6887e53b2e26) << UNKNOWN/v5
# (bf0f6887e53b2e26) << UNKNOWN/v5
# (ac8067b35e0cb7ad) << UNKNOWN/v5
# (0a34e17e0d346416) << UNKNOWN/v5
# (50ec0a878410ed1c) << UNKNOWN/v5
# (2ee588663dfead19) << UNKNOWN/v5
# (ac8067b35e0cb7ad) >> PING/v5
# (bf0f6887e53b2e26) >> PING/v5
# (bf0f6887e53b2e26) << WHOAREYOU/v5
# (bf0f6887e53b2e26) >> PING/v5
# (ac8067b35e0cb7ad) << PONG/v5
# (bf0f6887e53b2e26) << PONG/v5
# (0a34e17e0d346416) >> PING/v5
# (0a34e17e0d346416) << WHOAREYOU/v5
# (0a34e17e0d346416) >> PING/v5
# (0a34e17e0d346416) << PONG/v5
# (50ec0a878410ed1c) >> PING/v5
# (50ec0a878410ed1c) << WHOAREYOU/v5
# (50ec0a878410ed1c) >> PING/v5
# (2ee588663dfead19) >> PING/v5
# (50ec0a878410ed1c) << PONG/v5
# (2ee588663dfead19) << WHOAREYOU/v5
# (2ee588663dfead19) >> PING/v5
# (2ee588663dfead19) << PONG/v5
# (ac8067b35e0cb7ad) >> PING/v5
# (ac8067b35e0cb7ad) << PONG/v5
# (bf0f6887e53b2e26) >> PING/v5
# (bf0f6887e53b2e26) << PONG/v5
# (0a34e17e0d346416) >> PING/v5
# (0a34e17e0d346416) << WHOAREYOU/v5
# (0a34e17e0d346416) >> PING/v5
# (0a34e17e0d346416) << PONG/v5
# (50ec0a878410ed1c) >> PING/v5
# (2ee588663dfead19) >> PING/v5
# (50ec0a878410ed1c) << WHOAREYOU/v5
# (50ec0a878410ed1c) >> PING/v5
# (2ee588663dfead19) << WHOAREYOU/v5
# (2ee588663dfead19) >> PING/v5
# (50ec0a878410ed1c) << PONG/v5
# (2ee588663dfead19) << PONG/v5
# (ac8067b35e0cb7ad) >> PING/v5
# (ac8067b35e0cb7ad) << WHOAREYOU/v5
# (ac8067b35e0cb7ad) >> PING/v5
# (bf0f6887e53b2e26) >> PING/v5
# (ac8067b35e0cb7ad) << PONG/v5
# (bf0f6887e53b2e26) << PONG/v5
# (0a34e17e0d346416) >> PING/v5
# (0a34e17e0d346416) << PONG/v5
# (50ec0a878410ed1c) >> PING/v5
# (50ec0a878410ed1c) << PONG/v5
# (2ee588663dfead19) >> PING/v5
# (2ee588663dfead19) << PONG/v5
# (ac8067b35e0cb7ad) >> PING/v5
# (bf0f6887e53b2e26) >> PING/v5
# (ac8067b35e0cb7ad) << PONG/v5
# (bf0f6887e53b2e26) << PONG/v5
# (0a34e17e0d346416) >> PING/v5
# (0a34e17e0d346416) << PONG/v5
# (50ec0a878410ed1c) >> PING/v5
# (2ee588663dfead19) >> PING/v5
# (50ec0a878410ed1c) << PONG/v5
# (2ee588663dfead19) << PONG/v5
# (ac8067b35e0cb7ad) >> PING/v5
# (bf0f6887e53b2e26) >> PING/v5
# (ac8067b35e0cb7ad) << PONG/v5
# (bf0f6887e53b2e26) << PONG/v5
# (0a34e17e0d346416) >> PING/v5
# (0a34e17e0d346416) << PONG/v5
# (50ec0a878410ed1c) >> PING/v5
# (2ee588663dfead19) >> PING/v5
# (50ec0a878410ed1c) << PONG/v5
# (2ee588663dfead19) << PONG/v5
# remote added 0 bystander nodes in 1m0s, need 5 to continue
# this can happen if the node has a non-empty table from previous runs
# (2ee588663dfead19) shutting down: read udp 172.17.0.3:58453: use of closed network connection
# (50ec0a878410ed1c) shutting down: read udp 172.17.0.3:57151: use of closed network connection
# (ac8067b35e0cb7ad) shutting down: read udp 172.17.0.3:39299: use of closed network connection
# (0a34e17e0d346416) shutting down: read udp 172.17.0.3:57820: use of closed network connection
# (bf0f6887e53b2e26) shutting down: read udp 172.17.0.3:36916: use of closed network connection
exit status 1
1..20
ok 1 Status
# This test is just a sanity check. It performs an eth protocol handshake.
not ok 2 MaliciousHandshake
# This test tries to send malicious data during the devp2p handshake, in various ways.
# dial failed: EOF
not ok 3 BlockRangeUpdateExpired
# This test sends a BlockRangeUpdate announcing incomplete (expired) history.
# The node should accept the update and should not disonnect.
# EOF
not ok 4 BlockRangeUpdateFuture
# This test sends a BlockRangeUpdate that is beyond the chain head.
# The node should accept the update and should not disonnect.
# EOF
not ok 5 BlockRangeUpdateInvalid
# This test sends an invalid BlockRangeUpdate message to the node and expects to be disconnected.
# EOF
not ok 6 GetBlockHeaders
# This test requests block headers from the node.
# peering failed: EOF
not ok 7 GetNonexistentBlockHeaders
# This test sends GetBlockHeaders requests for nonexistent blocks (using max uint64 value)
# to check if the node disconnects after receiving multiple invalid requests.
# peering failed: EOF
not ok 8 SimultaneousRequests
# This test requests blocks headers from the node, performing two requests
# concurrently, with different request IDs.
# peering failed: EOF
not ok 9 SameRequestID
# This test requests block headers, performing two concurrent requests with the
# same request ID. The node should handle the request by responding to both requests.
# peering failed: EOF
not ok 10 ZeroRequestID
# This test sends a GetBlockHeaders message with a request-id of zero,
# and expects a response.
# peering failed: EOF
not ok 11 GetBlockBodies
# This test sends GetBlockBodies requests to the node for known blocks in the test chain.
# peering failed: EOF
not ok 12 GetReceipts
# This test sends GetReceipts requests to the node for known blocks in the test chain.
# peering failed: EOF
not ok 13 GetLargeReceipts
# This test sends GetReceipts requests to the node for large receipt (>10MiB) in the test chain.
# 	This test is meaningful only if the client supports protocol version ETH70 or higher 
# 	and LargeReceiptBlock is configured in txInfo.json.
# peering failed: EOF
not ok 14 LargeTxRequest
# This test first send ~2000 transactions to the node, then requests them
# on another peer connection using GetPooledTransactions.
# failed to send txs: EOF
not ok 15 Transaction
# This test sends a valid transaction to the node and checks if the
# transaction gets propagated.
# EOF
not ok 16 InvalidTxs
# This test sends several kinds of invalid transactions and checks that the node
# does not propagate them.
# failed to send txs: EOF
not ok 17 NewPooledTxs
# This test announces transaction hashes to the node and expects it to fetch
# the transactions using a GetPooledTransactions request.
# dial failed: EOF
not ok 18 BlobViolations
# This test sends some invalid blob tx announcements and expects the node to disconnect.
# dial fail: EOF
not ok 19 TestBlobTxWithoutSidecar
# This test checks that a blob transaction first advertised/transmitted without blobs will result in the sending peer being disconnected, and the full transaction should be successfully retrieved from another peer.
# dial fail: EOF
not ok 20 TestBlobTxWithMismatchedSidecar
# This test checks that a blob transaction first advertised/transmitted without blobs, whose commitment don't correspond to the blob_versioned_hashes in the transaction, will result in the sending peer being disconnected, and the full transaction should be successfully retrieved from another peer.
# dial fail: EOF
exit status 1
1..5
ok 1 Status
not ok 2 AccountRange
# -- Test 0
# In this test, we request the entire state range, but limit the response to 4000 bytes.
#   request:
#       root: 8fcfb02cfca007773bd55bc1c3e50a3c8612a59c87ce057e5957e8bf17c1728b
#       range: 0x0000000000000000000000000000000000000000000000000000000000000000 - 0xffffffffffffffffffffffffffffffffffffffffffffffffffffffffffffffff
#       responseBytes: 4000
# dial failed: dial failed: EOF
not ok 3 GetByteCodes
# -- Test 0
# Here we request state roots as code hashes. The server should deliver an empty response with no items.
#   request:
#       hashes: [dc43f460541a253c0f64b6943ef83fa3bd601699a255622f088d46f7fde359fc 8fcfb02cfca007773bd55bc1c3e50a3c8612a59c87ce057e5957e8bf17c1728b]
#       responseBytes: 10000
# dial failed: dial failed: EOF
not ok 4 GetTrieNodes
# -- Test 0
# In this test, we send an empty request to the node.
#   request:
#     root: 8fcfb02cfca007773bd55bc1c3e50a3c8612a59c87ce057e5957e8bf17c1728b
#     paths: []
#     responseBytes: 500
# dial failed: dial failed: EOF
not ok 5 GetStorageRanges
# -- Test 0
# This request has a range of 00..ff.
# The server should return all storage slots of the test account.
#   request:
#       root: 8fcfb02cfca007773bd55bc1c3e50a3c8612a59c87ce057e5957e8bf17c1728b
#       accounts: [445cb5c1278fdce2f9cbdb681bdd76c52f8e50e41dbd9e220242a69ba99ac099]
#       range: 0x0000000000000000000000000000000000000000000000000000000000000000 - 0xffffffffffffffffffffffffffffffffffffffffffffffffffffffffffffffff
#       responseBytes: 500
# dial failed: dial failed: EOF
exit status 1
